#
# A fatal error has been detected by the Java Runtime Environment:
#
#  Internal Error (generateOopMap.cpp:2164), pid=11874, tid=14339
#  fatal error: Illegal class file encountered. Try running with -Xverify:all in method create
#
# JRE version: OpenJDK Runtime Environment AdoptOpenJDK-11.0.11+9 (11.0.11+9) (build 11.0.11+9)
# Java VM: OpenJDK 64-Bit Server VM AdoptOpenJDK-11.0.11+9 (11.0.11+9, mixed mode, tiered, compressed oops, g1 gc, bsd-amd64)
# No core dump will be written. Core dumps have been disabled. To enable core dumping, try "ulimit -c unlimited" before starting Java again
#
# If you would like to submit a bug report, please visit:
#   https://github.com/AdoptOpenJDK/openjdk-support/issues
#

---------------  S U M M A R Y ------------

Command Line: -Dorg.gradle.internal.worker.tmpdir=/Users/bae/Documents/url-shortener/build/tmp/test/work -Dorg.gradle.native=false -agentlib:jdwp=transport=dt_socket,server=n,suspend=y,address=127.0.0.1:58924 --add-opens=java.base/java.util=ALL-UNNAMED --add-opens=java.base/java.lang=ALL-UNNAMED -Xmx512m -Dfile.encoding=UTF-8 -Duser.country=KR -Duser.language=en -Duser.variant -ea worker.org.gradle.process.internal.worker.GradleWorkerMain 'Gradle Test Executor 9'

Host: Macmini9,1 x86_64 2400 MHz, 8 cores, 8G, Darwin 20.2.0
Time: Mon Mar 21 18:41:46 2022 KST elapsed time: 432.002448 seconds (0d 0h 7m 12s)

---------------  T H R E A D  ---------------

Current thread (0x00007f901a8e2800):  VMThread "VM Thread" [stack: 0x000000030caf2000,0x000000030cbf2000] [id=14339]

Stack: [0x000000030caf2000,0x000000030cbf2000],  sp=0x000000030cbf0e90,  free space=1019k
Native frames: (J=compiled Java code, A=aot compiled Java code, j=interpreted, Vv=VM code, C=native code)
V  [libjvm.dylib+0x7bb973]  VMError::report_and_die(int, char const*, char const*, __va_list_tag*, Thread*, unsigned char*, void*, void*, char const*, int, unsigned long)+0x64f
V  [libjvm.dylib+0x7bc06f]  VMError::report_and_die(Thread*, void*, char const*, int, char const*, char const*, __va_list_tag*)+0x47
V  [libjvm.dylib+0x2752a8]  report_fatal(char const*, int, char const*, ...)+0xb5
V  [libjvm.dylib+0x361362]  GenerateOopMap::error_work(char const*, __va_list_tag*)+0xea
V  [libjvm.dylib+0x35e21e]  GenerateOopMap::report_error(char const*, ...)+0x7c
V  [libjvm.dylib+0x35eeed]  GenerateOopMap::interp_bb(BasicBlock*)+0xdb
V  [libjvm.dylib+0x35ebde]  GenerateOopMap::interp_all()+0x3c
V  [libjvm.dylib+0x35e88b]  GenerateOopMap::do_interpretation()+0x4b
V  [libjvm.dylib+0x361192]  GenerateOopMap::compute_map(Thread*)+0x164
V  [libjvm.dylib+0x6166c3]  OopMapForCacheEntry::compute_map(Thread*)+0x51
V  [libjvm.dylib+0x616eac]  OopMapCacheEntry::fill(methodHandle const&, int)+0xac
V  [libjvm.dylib+0x6177c7]  OopMapCache::compute_one_oop_map(methodHandle const&, int, InterpreterOopMap*)+0x5d
V  [libjvm.dylib+0x5d9572]  Method::mask_for(int, InterpreterOopMap*)+0x7e
V  [libjvm.dylib+0x4df22d]  VM_GetOrSetLocal::doit()+0x45
V  [libjvm.dylib+0x7bd5e7]  VM_Operation::evaluate()+0xd5
V  [libjvm.dylib+0x7c5939]  VMThread::evaluate_operation(VM_Operation*)+0x139
V  [libjvm.dylib+0x7c5320]  VMThread::loop()+0x106
V  [libjvm.dylib+0x7c512d]  VMThread::run()+0x6f
V  [libjvm.dylib+0x770fcc]  Thread::call_run()+0x68
V  [libjvm.dylib+0x62014b]  thread_native_entry(Thread*)+0x139
C  [libsystem_pthread.dylib+0x6950]  _pthread_start+0xe0
C  [libsystem_pthread.dylib+0x247b]  thread_start+0xf

VM_Operation (0x000000030d61ca50): GetOrSetLocal, mode: safepoint, requested by thread 0x00007f901b0b0000


---------------  P R O C E S S  ---------------

Threads class SMR info:
_java_thread_list=0x00007f8fda72f720, length=15, elements={
0x00007f901b809800, 0x00007f901a8e5800, 0x00007f901b01a800, 0x00007f901b03a800,
0x00007f901a8e6000, 0x00007f901b03d800, 0x00007f901b03e000, 0x00007f901b03f000,
0x00007f901b0af000, 0x00007f901b0b0000, 0x00007f901a894000, 0x00007f901a999000,
0x00007f901b83b800, 0x00007f901a998000, 0x00007f901b163000
}

Java Threads: ( => current thread )
  0x00007f901b809800 JavaThread "Test worker" [_thread_blocked, id=7171, stack(0x000000030c4e0000,0x000000030c5e0000)]
  0x00007f901a8e5800 JavaThread "Reference Handler" daemon [_thread_blocked, id=15107, stack(0x000000030cbf5000,0x000000030ccf5000)]
  0x00007f901b01a800 JavaThread "Finalizer" daemon [_thread_blocked, id=21763, stack(0x000000030ccf8000,0x000000030cdf8000)]
  0x00007f901b03a800 JavaThread "Signal Dispatcher" daemon [_thread_blocked, id=24583, stack(0x000000030cf0b000,0x000000030d00b000)]
  0x00007f901a8e6000 JavaThread "Service Thread" daemon [_thread_blocked, id=25347, stack(0x000000030d00e000,0x000000030d10e000)]
  0x00007f901b03d800 JavaThread "C2 CompilerThread0" daemon [_thread_blocked, id=25603, stack(0x000000030d111000,0x000000030d211000)]
  0x00007f901b03e000 JavaThread "C1 CompilerThread0" daemon [_thread_blocked, id=40707, stack(0x000000030d214000,0x000000030d314000)]
  0x00007f901b03f000 JavaThread "Sweeper thread" daemon [_thread_blocked, id=26627, stack(0x000000030d317000,0x000000030d417000)]
  0x00007f901b0af000 JavaThread "Common-Cleaner" daemon [_thread_blocked, id=27139, stack(0x000000030d41a000,0x000000030d51a000)]
  0x00007f901b0b0000 JavaThread "JDWP Transport Listener: dt_socket" daemon [_thread_blocked, id=28163, stack(0x000000030d51d000,0x000000030d61d000)] _threads_hazard_ptr=0x00007f8fda72f720
  0x00007f901a894000 JavaThread "JDWP Event Helper Thread" daemon [_thread_blocked, id=38915, stack(0x000000030d620000,0x000000030d720000)]
  0x00007f901a999000 JavaThread "JDWP Command Reader" daemon [_thread_in_native, id=29187, stack(0x000000030d723000,0x000000030d823000)]
  0x00007f901b83b800 JavaThread "/127.0.0.1:58933 to /127.0.0.1:58926 workers" [_thread_blocked, id=30723, stack(0x000000030d929000,0x000000030da29000)]
  0x00007f901a998000 JavaThread "/127.0.0.1:58933 to /127.0.0.1:58926 workers Thread 2" [_thread_blocked, id=36867, stack(0x000000030da2c000,0x000000030db2c000)]
  0x00007f901b163000 JavaThread "/127.0.0.1:58933 to /127.0.0.1:58926 workers Thread 3" [_thread_in_native, id=36099, stack(0x000000030db2f000,0x000000030dc2f000)]

Other Threads:
=>0x00007f901a8e2800 VMThread "VM Thread" [stack: 0x000000030caf2000,0x000000030cbf2000] [id=14339]
  0x00007f901a997000 WatcherThread [stack: 0x000000030d826000,0x000000030d926000] [id=30211]
  0x00007f901a81f800 GCTaskThread "GC Thread#0" [stack: 0x000000030c5e3000,0x000000030c6e3000] [id=18691]
  0x00007f901b91b000 GCTaskThread "GC Thread#1" [stack: 0x000000030dc32000,0x000000030dd32000] [id=35411]
  0x00007f901b917800 GCTaskThread "GC Thread#2" [stack: 0x000000030dd35000,0x000000030de35000] [id=31491]
  0x00007f901b9e0000 GCTaskThread "GC Thread#3" [stack: 0x000000030de38000,0x000000030df38000] [id=34819]
  0x00007f901b9e1000 GCTaskThread "GC Thread#4" [stack: 0x000000030df3b000,0x000000030e03b000] [id=34307]
  0x00007f901b8fc800 GCTaskThread "GC Thread#5" [stack: 0x000000030e03e000,0x000000030e13e000] [id=32003]
  0x00007f901b8fd000 GCTaskThread "GC Thread#6" [stack: 0x000000030e141000,0x000000030e241000] [id=33795]
  0x00007f901b947800 GCTaskThread "GC Thread#7" [stack: 0x000000030e244000,0x000000030e344000] [id=33539]
  0x00007f901a82b800 ConcurrentGCThread "G1 Main Marker" [stack: 0x000000030c6e6000,0x000000030c7e6000] [id=12291]
  0x00007f901b00c800 ConcurrentGCThread "G1 Conc#0" [stack: 0x000000030c7e9000,0x000000030c8e9000] [id=13059]
  0x00007f901adc2800 ConcurrentGCThread "G1 Conc#1" [stack: 0x000000030e347000,0x000000030e447000] [id=44447]
  0x00007f901a88c800 ConcurrentGCThread "G1 Refine#0" [stack: 0x000000030c8ec000,0x000000030c9ec000] [id=17667]
  0x00007f901a88d000 ConcurrentGCThread "G1 Young RemSet Sampling" [stack: 0x000000030c9ef000,0x000000030caef000] [id=13571]

Threads with active compile tasks:

VM state:at safepoint (normal execution)

VM Mutex/Monitor currently owned by a thread:  ([mutex/lock_event])
[0x00007f901a40fd20] Threads_lock - owner thread: 0x00007f901a8e2800

Heap address: 0x00000007e0000000, size: 512 MB, Compressed Oops mode: Zero based, Oop shift amount: 3
Narrow klass base: 0x0000000800000000, Narrow klass shift: 0
Compressed class space size: 1073741824 Address: 0x0000000800000000

Heap:
 garbage-first heap   total 131072K, used 33379K [0x00000007e0000000, 0x0000000800000000)
  region size 1024K, 24 young (24576K), 5 survivors (5120K)
 Metaspace       used 41474K, capacity 42867K, committed 43184K, reserved 1087488K
  class space    used 5237K, capacity 5788K, committed 5888K, reserved 1048576K
Heap Regions: E=young(eden), S=young(survivor), O=old, HS=humongous(starts), HC=humongous(continues), CS=collection set, F=free, A=archive, TAMS=top-at-mark-start (previous, next)
|   0|0x00000007e0000000, 0x00000007e0100000, 0x00000007e0100000|100%| O|  |TAMS 0x00000007e0100000, 0x00000007e0000000| Untracked 
|   1|0x00000007e0100000, 0x00000007e0200000, 0x00000007e0200000|100%| O|  |TAMS 0x00000007e0200000, 0x00000007e0100000| Untracked 
|   2|0x00000007e0200000, 0x00000007e0300000, 0x00000007e0300000|100%| O|  |TAMS 0x00000007e0300000, 0x00000007e0200000| Untracked 
|   3|0x00000007e0300000, 0x00000007e0400000, 0x00000007e0400000|100%| O|  |TAMS 0x00000007e0400000, 0x00000007e0300000| Untracked 
|   4|0x00000007e0400000, 0x00000007e0500000, 0x00000007e0500000|100%| O|  |TAMS 0x00000007e0500000, 0x00000007e0400000| Untracked 
|   5|0x00000007e0500000, 0x00000007e0600000, 0x00000007e0600000|100%| O|  |TAMS 0x00000007e0600000, 0x00000007e0500000| Untracked 
|   6|0x00000007e0600000, 0x00000007e0700000, 0x00000007e0700000|100%| O|  |TAMS 0x00000007e0660a00, 0x00000007e0600000| Untracked 
|   7|0x00000007e0700000, 0x00000007e0800000, 0x00000007e0800000|100%| O|  |TAMS 0x00000007e0700000, 0x00000007e0700000| Untracked 
|   8|0x00000007e0800000, 0x00000007e0900000, 0x00000007e0900000|100%| O|  |TAMS 0x00000007e0800000, 0x00000007e0800000| Untracked 
|   9|0x00000007e0900000, 0x00000007e09c2000, 0x00000007e0a00000| 75%| O|  |TAMS 0x00000007e0900000, 0x00000007e0900000| Untracked 
|  10|0x00000007e0a00000, 0x00000007e0a00000, 0x00000007e0b00000|  0%| F|  |TAMS 0x00000007e0a00000, 0x00000007e0a00000| Untracked 
|  11|0x00000007e0b00000, 0x00000007e0b00000, 0x00000007e0c00000|  0%| F|  |TAMS 0x00000007e0b00000, 0x00000007e0b00000| Untracked 
|  12|0x00000007e0c00000, 0x00000007e0c00000, 0x00000007e0d00000|  0%| F|  |TAMS 0x00000007e0c00000, 0x00000007e0c00000| Untracked 
|  13|0x00000007e0d00000, 0x00000007e0d00000, 0x00000007e0e00000|  0%| F|  |TAMS 0x00000007e0d00000, 0x00000007e0d00000| Untracked 
|  14|0x00000007e0e00000, 0x00000007e0e00000, 0x00000007e0f00000|  0%| F|  |TAMS 0x00000007e0e00000, 0x00000007e0e00000| Untracked 
|  15|0x00000007e0f00000, 0x00000007e0f00000, 0x00000007e1000000|  0%| F|  |TAMS 0x00000007e0f00000, 0x00000007e0f00000| Untracked 
|  16|0x00000007e1000000, 0x00000007e1000000, 0x00000007e1100000|  0%| F|  |TAMS 0x00000007e1000000, 0x00000007e1000000| Untracked 
|  17|0x00000007e1100000, 0x00000007e1100000, 0x00000007e1200000|  0%| F|  |TAMS 0x00000007e1100000, 0x00000007e1100000| Untracked 
|  18|0x00000007e1200000, 0x00000007e1200000, 0x00000007e1300000|  0%| F|  |TAMS 0x00000007e1200000, 0x00000007e1200000| Untracked 
|  19|0x00000007e1300000, 0x00000007e1300000, 0x00000007e1400000|  0%| F|  |TAMS 0x00000007e1300000, 0x00000007e1300000| Untracked 
|  20|0x00000007e1400000, 0x00000007e1400000, 0x00000007e1500000|  0%| F|  |TAMS 0x00000007e1400000, 0x00000007e1400000| Untracked 
|  21|0x00000007e1500000, 0x00000007e1500000, 0x00000007e1600000|  0%| F|  |TAMS 0x00000007e1500000, 0x00000007e1500000| Untracked 
|  22|0x00000007e1600000, 0x00000007e1600000, 0x00000007e1700000|  0%| F|  |TAMS 0x00000007e1600000, 0x00000007e1600000| Untracked 
|  23|0x00000007e1700000, 0x00000007e1700000, 0x00000007e1800000|  0%| F|  |TAMS 0x00000007e1700000, 0x00000007e1700000| Untracked 
|  24|0x00000007e1800000, 0x00000007e1800000, 0x00000007e1900000|  0%| F|  |TAMS 0x00000007e1800000, 0x00000007e1800000| Untracked 
|  25|0x00000007e1900000, 0x00000007e1900000, 0x00000007e1a00000|  0%| F|  |TAMS 0x00000007e1900000, 0x00000007e1900000| Untracked 
|  26|0x00000007e1a00000, 0x00000007e1a00000, 0x00000007e1b00000|  0%| F|  |TAMS 0x00000007e1a00000, 0x00000007e1a00000| Untracked 
|  27|0x00000007e1b00000, 0x00000007e1b00000, 0x00000007e1c00000|  0%| F|  |TAMS 0x00000007e1b00000, 0x00000007e1b00000| Untracked 
|  28|0x00000007e1c00000, 0x00000007e1c00000, 0x00000007e1d00000|  0%| F|  |TAMS 0x00000007e1c00000, 0x00000007e1c00000| Untracked 
|  29|0x00000007e1d00000, 0x00000007e1d00000, 0x00000007e1e00000|  0%| F|  |TAMS 0x00000007e1d00000, 0x00000007e1d00000| Untracked 
|  30|0x00000007e1e00000, 0x00000007e1e00000, 0x00000007e1f00000|  0%| F|  |TAMS 0x00000007e1e00000, 0x00000007e1e00000| Untracked 
|  31|0x00000007e1f00000, 0x00000007e1f00000, 0x00000007e2000000|  0%| F|  |TAMS 0x00000007e1f00000, 0x00000007e1f00000| Untracked 
|  32|0x00000007e2000000, 0x00000007e2000000, 0x00000007e2100000|  0%| F|  |TAMS 0x00000007e2000000, 0x00000007e2000000| Untracked 
|  33|0x00000007e2100000, 0x00000007e2100000, 0x00000007e2200000|  0%| F|  |TAMS 0x00000007e2100000, 0x00000007e2100000| Untracked 
|  34|0x00000007e2200000, 0x00000007e2200000, 0x00000007e2300000|  0%| F|  |TAMS 0x00000007e2200000, 0x00000007e2200000| Untracked 
|  35|0x00000007e2300000, 0x00000007e2300000, 0x00000007e2400000|  0%| F|  |TAMS 0x00000007e2300000, 0x00000007e2300000| Untracked 
|  36|0x00000007e2400000, 0x00000007e2400000, 0x00000007e2500000|  0%| F|  |TAMS 0x00000007e2400000, 0x00000007e2400000| Untracked 
|  37|0x00000007e2500000, 0x00000007e2500000, 0x00000007e2600000|  0%| F|  |TAMS 0x00000007e2500000, 0x00000007e2500000| Untracked 
|  38|0x00000007e2600000, 0x00000007e2600000, 0x00000007e2700000|  0%| F|  |TAMS 0x00000007e2600000, 0x00000007e2600000| Untracked 
|  39|0x00000007e2700000, 0x00000007e2700000, 0x00000007e2800000|  0%| F|  |TAMS 0x00000007e2700000, 0x00000007e2700000| Untracked 
|  40|0x00000007e2800000, 0x00000007e2800000, 0x00000007e2900000|  0%| F|  |TAMS 0x00000007e2800000, 0x00000007e2800000| Untracked 
|  41|0x00000007e2900000, 0x00000007e2900000, 0x00000007e2a00000|  0%| F|  |TAMS 0x00000007e2900000, 0x00000007e2900000| Untracked 
|  42|0x00000007e2a00000, 0x00000007e2a00000, 0x00000007e2b00000|  0%| F|  |TAMS 0x00000007e2a00000, 0x00000007e2a00000| Untracked 
|  43|0x00000007e2b00000, 0x00000007e2b00000, 0x00000007e2c00000|  0%| F|  |TAMS 0x00000007e2b00000, 0x00000007e2b00000| Untracked 
|  44|0x00000007e2c00000, 0x00000007e2c00000, 0x00000007e2d00000|  0%| F|  |TAMS 0x00000007e2c00000, 0x00000007e2c00000| Untracked 
|  45|0x00000007e2d00000, 0x00000007e2d00000, 0x00000007e2e00000|  0%| F|  |TAMS 0x00000007e2d00000, 0x00000007e2d00000| Untracked 
|  46|0x00000007e2e00000, 0x00000007e2e00000, 0x00000007e2f00000|  0%| F|  |TAMS 0x00000007e2e00000, 0x00000007e2e00000| Untracked 
|  47|0x00000007e2f00000, 0x00000007e2f00000, 0x00000007e3000000|  0%| F|  |TAMS 0x00000007e2f00000, 0x00000007e2f00000| Untracked 
|  48|0x00000007e3000000, 0x00000007e3000000, 0x00000007e3100000|  0%| F|  |TAMS 0x00000007e3000000, 0x00000007e3000000| Untracked 
|  49|0x00000007e3100000, 0x00000007e3100000, 0x00000007e3200000|  0%| F|  |TAMS 0x00000007e3100000, 0x00000007e3100000| Untracked 
|  50|0x00000007e3200000, 0x00000007e3200000, 0x00000007e3300000|  0%| F|  |TAMS 0x00000007e3200000, 0x00000007e3200000| Untracked 
|  51|0x00000007e3300000, 0x00000007e3300000, 0x00000007e3400000|  0%| F|  |TAMS 0x00000007e3300000, 0x00000007e3300000| Untracked 
|  52|0x00000007e3400000, 0x00000007e34d6e00, 0x00000007e3500000| 83%| S|CS|TAMS 0x00000007e3400000, 0x00000007e3400000| Complete 
|  53|0x00000007e3500000, 0x00000007e3600000, 0x00000007e3600000|100%| S|CS|TAMS 0x00000007e3500000, 0x00000007e3500000| Complete 
|  54|0x00000007e3600000, 0x00000007e3700000, 0x00000007e3700000|100%| S|CS|TAMS 0x00000007e3600000, 0x00000007e3600000| Complete 
|  55|0x00000007e3700000, 0x00000007e3800000, 0x00000007e3800000|100%| S|CS|TAMS 0x00000007e3700000, 0x00000007e3700000| Complete 
|  56|0x00000007e3800000, 0x00000007e3900000, 0x00000007e3900000|100%| S|CS|TAMS 0x00000007e3800000, 0x00000007e3800000| Complete 
|  57|0x00000007e3900000, 0x00000007e3900000, 0x00000007e3a00000|  0%| F|  |TAMS 0x00000007e3900000, 0x00000007e3900000| Untracked 
|  58|0x00000007e3a00000, 0x00000007e3a00000, 0x00000007e3b00000|  0%| F|  |TAMS 0x00000007e3a00000, 0x00000007e3a00000| Untracked 
|  59|0x00000007e3b00000, 0x00000007e3b00000, 0x00000007e3c00000|  0%| F|  |TAMS 0x00000007e3b00000, 0x00000007e3b00000| Untracked 
|  60|0x00000007e3c00000, 0x00000007e3c00000, 0x00000007e3d00000|  0%| F|  |TAMS 0x00000007e3c00000, 0x00000007e3c00000| Untracked 
|  61|0x00000007e3d00000, 0x00000007e3d00000, 0x00000007e3e00000|  0%| F|  |TAMS 0x00000007e3d00000, 0x00000007e3d00000| Untracked 
|  62|0x00000007e3e00000, 0x00000007e3e00000, 0x00000007e3f00000|  0%| F|  |TAMS 0x00000007e3e00000, 0x00000007e3e00000| Untracked 
|  63|0x00000007e3f00000, 0x00000007e3f00000, 0x00000007e4000000|  0%| F|  |TAMS 0x00000007e3f00000, 0x00000007e3f00000| Untracked 
|  64|0x00000007e4000000, 0x00000007e4000000, 0x00000007e4100000|  0%| F|  |TAMS 0x00000007e4000000, 0x00000007e4000000| Untracked 
|  65|0x00000007e4100000, 0x00000007e4100000, 0x00000007e4200000|  0%| F|  |TAMS 0x00000007e4100000, 0x00000007e4100000| Untracked 
|  66|0x00000007e4200000, 0x00000007e4200000, 0x00000007e4300000|  0%| F|  |TAMS 0x00000007e4200000, 0x00000007e4200000| Untracked 
|  67|0x00000007e4300000, 0x00000007e4300000, 0x00000007e4400000|  0%| F|  |TAMS 0x00000007e4300000, 0x00000007e4300000| Untracked 
|  68|0x00000007e4400000, 0x00000007e4400000, 0x00000007e4500000|  0%| F|  |TAMS 0x00000007e4400000, 0x00000007e4400000| Untracked 
|  69|0x00000007e4500000, 0x00000007e4500000, 0x00000007e4600000|  0%| F|  |TAMS 0x00000007e4500000, 0x00000007e4500000| Untracked 
|  70|0x00000007e4600000, 0x00000007e4600000, 0x00000007e4700000|  0%| F|  |TAMS 0x00000007e4600000, 0x00000007e4600000| Untracked 
|  71|0x00000007e4700000, 0x00000007e4700000, 0x00000007e4800000|  0%| F|  |TAMS 0x00000007e4700000, 0x00000007e4700000| Untracked 
|  72|0x00000007e4800000, 0x00000007e4800000, 0x00000007e4900000|  0%| F|  |TAMS 0x00000007e4800000, 0x00000007e4800000| Untracked 
|  73|0x00000007e4900000, 0x00000007e4900000, 0x00000007e4a00000|  0%| F|  |TAMS 0x00000007e4900000, 0x00000007e4900000| Untracked 
|  74|0x00000007e4a00000, 0x00000007e4a00000, 0x00000007e4b00000|  0%| F|  |TAMS 0x00000007e4a00000, 0x00000007e4a00000| Untracked 
|  75|0x00000007e4b00000, 0x00000007e4b00000, 0x00000007e4c00000|  0%| F|  |TAMS 0x00000007e4b00000, 0x00000007e4b00000| Untracked 
|  76|0x00000007e4c00000, 0x00000007e4c00000, 0x00000007e4d00000|  0%| F|  |TAMS 0x00000007e4c00000, 0x00000007e4c00000| Untracked 
|  77|0x00000007e4d00000, 0x00000007e4d00000, 0x00000007e4e00000|  0%| F|  |TAMS 0x00000007e4d00000, 0x00000007e4d00000| Untracked 
|  78|0x00000007e4e00000, 0x00000007e4e00000, 0x00000007e4f00000|  0%| F|  |TAMS 0x00000007e4e00000, 0x00000007e4e00000| Untracked 
|  79|0x00000007e4f00000, 0x00000007e4f00000, 0x00000007e5000000|  0%| F|  |TAMS 0x00000007e4f00000, 0x00000007e4f00000| Untracked 
|  80|0x00000007e5000000, 0x00000007e5000000, 0x00000007e5100000|  0%| F|  |TAMS 0x00000007e5000000, 0x00000007e5000000| Untracked 
|  81|0x00000007e5100000, 0x00000007e5100000, 0x00000007e5200000|  0%| F|  |TAMS 0x00000007e5100000, 0x00000007e5100000| Untracked 
|  82|0x00000007e5200000, 0x00000007e5200000, 0x00000007e5300000|  0%| F|  |TAMS 0x00000007e5200000, 0x00000007e5200000| Untracked 
|  83|0x00000007e5300000, 0x00000007e5300000, 0x00000007e5400000|  0%| F|  |TAMS 0x00000007e5300000, 0x00000007e5300000| Untracked 
|  84|0x00000007e5400000, 0x00000007e5400000, 0x00000007e5500000|  0%| F|  |TAMS 0x00000007e5400000, 0x00000007e5400000| Untracked 
|  85|0x00000007e5500000, 0x00000007e5500000, 0x00000007e5600000|  0%| F|  |TAMS 0x00000007e5500000, 0x00000007e5500000| Untracked 
|  86|0x00000007e5600000, 0x00000007e5600000, 0x00000007e5700000|  0%| F|  |TAMS 0x00000007e5600000, 0x00000007e5600000| Untracked 
|  87|0x00000007e5700000, 0x00000007e5700000, 0x00000007e5800000|  0%| F|  |TAMS 0x00000007e5700000, 0x00000007e5700000| Untracked 
|  88|0x00000007e5800000, 0x00000007e5800000, 0x00000007e5900000|  0%| F|  |TAMS 0x00000007e5800000, 0x00000007e5800000| Untracked 
|  89|0x00000007e5900000, 0x00000007e5900000, 0x00000007e5a00000|  0%| F|  |TAMS 0x00000007e5900000, 0x00000007e5900000| Untracked 
|  90|0x00000007e5a00000, 0x00000007e5a00000, 0x00000007e5b00000|  0%| F|  |TAMS 0x00000007e5a00000, 0x00000007e5a00000| Untracked 
|  91|0x00000007e5b00000, 0x00000007e5b00000, 0x00000007e5c00000|  0%| F|  |TAMS 0x00000007e5b00000, 0x00000007e5b00000| Untracked 
|  92|0x00000007e5c00000, 0x00000007e5c00000, 0x00000007e5d00000|  0%| F|  |TAMS 0x00000007e5c00000, 0x00000007e5c00000| Untracked 
|  93|0x00000007e5d00000, 0x00000007e5d00000, 0x00000007e5e00000|  0%| F|  |TAMS 0x00000007e5d00000, 0x00000007e5d00000| Untracked 
|  94|0x00000007e5e00000, 0x00000007e5e00000, 0x00000007e5f00000|  0%| F|  |TAMS 0x00000007e5e00000, 0x00000007e5e00000| Untracked 
|  95|0x00000007e5f00000, 0x00000007e5f00000, 0x00000007e6000000|  0%| F|  |TAMS 0x00000007e5f00000, 0x00000007e5f00000| Untracked 
|  96|0x00000007e6000000, 0x00000007e6000000, 0x00000007e6100000|  0%| F|  |TAMS 0x00000007e6000000, 0x00000007e6000000| Untracked 
|  97|0x00000007e6100000, 0x00000007e6100000, 0x00000007e6200000|  0%| F|  |TAMS 0x00000007e6100000, 0x00000007e6100000| Untracked 
|  98|0x00000007e6200000, 0x00000007e6200000, 0x00000007e6300000|  0%| F|  |TAMS 0x00000007e6200000, 0x00000007e6200000| Untracked 
|  99|0x00000007e6300000, 0x00000007e6300000, 0x00000007e6400000|  0%| F|  |TAMS 0x00000007e6300000, 0x00000007e6300000| Untracked 
| 100|0x00000007e6400000, 0x00000007e6400000, 0x00000007e6500000|  0%| F|  |TAMS 0x00000007e6400000, 0x00000007e6400000| Untracked 
| 101|0x00000007e6500000, 0x00000007e6500000, 0x00000007e6600000|  0%| F|  |TAMS 0x00000007e6500000, 0x00000007e6500000| Untracked 
| 102|0x00000007e6600000, 0x00000007e6600000, 0x00000007e6700000|  0%| F|  |TAMS 0x00000007e6600000, 0x00000007e6600000| Untracked 
| 103|0x00000007e6700000, 0x00000007e6700000, 0x00000007e6800000|  0%| F|  |TAMS 0x00000007e6700000, 0x00000007e6700000| Untracked 
| 104|0x00000007e6800000, 0x00000007e6800000, 0x00000007e6900000|  0%| F|  |TAMS 0x00000007e6800000, 0x00000007e6800000| Untracked 
| 105|0x00000007e6900000, 0x00000007e6900000, 0x00000007e6a00000|  0%| F|  |TAMS 0x00000007e6900000, 0x00000007e6900000| Untracked 
| 106|0x00000007e6a00000, 0x00000007e6a00000, 0x00000007e6b00000|  0%| F|  |TAMS 0x00000007e6a00000, 0x00000007e6a00000| Untracked 
| 107|0x00000007e6b00000, 0x00000007e6b00000, 0x00000007e6c00000|  0%| F|  |TAMS 0x00000007e6b00000, 0x00000007e6b00000| Untracked 
| 108|0x00000007e6c00000, 0x00000007e6c00000, 0x00000007e6d00000|  0%| F|  |TAMS 0x00000007e6c00000, 0x00000007e6c00000| Untracked 
| 109|0x00000007e6d00000, 0x00000007e6e00000, 0x00000007e6e00000|100%| E|  |TAMS 0x00000007e6d00000, 0x00000007e6d00000| Complete 
| 110|0x00000007e6e00000, 0x00000007e6f00000, 0x00000007e6f00000|100%| E|CS|TAMS 0x00000007e6e00000, 0x00000007e6e00000| Complete 
| 111|0x00000007e6f00000, 0x00000007e7000000, 0x00000007e7000000|100%| E|CS|TAMS 0x00000007e6f00000, 0x00000007e6f00000| Complete 
| 112|0x00000007e7000000, 0x00000007e7100000, 0x00000007e7100000|100%| E|CS|TAMS 0x00000007e7000000, 0x00000007e7000000| Complete 
| 113|0x00000007e7100000, 0x00000007e7200000, 0x00000007e7200000|100%| E|CS|TAMS 0x00000007e7100000, 0x00000007e7100000| Complete 
| 114|0x00000007e7200000, 0x00000007e7300000, 0x00000007e7300000|100%| E|CS|TAMS 0x00000007e7200000, 0x00000007e7200000| Complete 
| 115|0x00000007e7300000, 0x00000007e7400000, 0x00000007e7400000|100%| E|CS|TAMS 0x00000007e7300000, 0x00000007e7300000| Complete 
| 116|0x00000007e7400000, 0x00000007e7500000, 0x00000007e7500000|100%| E|CS|TAMS 0x00000007e7400000, 0x00000007e7400000| Complete 
| 117|0x00000007e7500000, 0x00000007e7600000, 0x00000007e7600000|100%| E|CS|TAMS 0x00000007e7500000, 0x00000007e7500000| Complete 
| 118|0x00000007e7600000, 0x00000007e7700000, 0x00000007e7700000|100%| E|CS|TAMS 0x00000007e7600000, 0x00000007e7600000| Complete 
| 119|0x00000007e7700000, 0x00000007e7800000, 0x00000007e7800000|100%| E|CS|TAMS 0x00000007e7700000, 0x00000007e7700000| Complete 
| 120|0x00000007e7800000, 0x00000007e7900000, 0x00000007e7900000|100%| E|CS|TAMS 0x00000007e7800000, 0x00000007e7800000| Complete 
| 121|0x00000007e7900000, 0x00000007e7a00000, 0x00000007e7a00000|100%| E|CS|TAMS 0x00000007e7900000, 0x00000007e7900000| Complete 
| 122|0x00000007e7a00000, 0x00000007e7b00000, 0x00000007e7b00000|100%| E|CS|TAMS 0x00000007e7a00000, 0x00000007e7a00000| Complete 
| 123|0x00000007e7b00000, 0x00000007e7c00000, 0x00000007e7c00000|100%| E|CS|TAMS 0x00000007e7b00000, 0x00000007e7b00000| Complete 
| 124|0x00000007e7c00000, 0x00000007e7d00000, 0x00000007e7d00000|100%| E|CS|TAMS 0x00000007e7c00000, 0x00000007e7c00000| Complete 
| 125|0x00000007e7d00000, 0x00000007e7e00000, 0x00000007e7e00000|100%| E|CS|TAMS 0x00000007e7d00000, 0x00000007e7d00000| Complete 
| 126|0x00000007e7e00000, 0x00000007e7f00000, 0x00000007e7f00000|100%| E|CS|TAMS 0x00000007e7e00000, 0x00000007e7e00000| Complete 
| 127|0x00000007e7f00000, 0x00000007e8000000, 0x00000007e8000000|100%| E|CS|TAMS 0x00000007e7f00000, 0x00000007e7f00000| Complete 

Card table byte_map: [0x000000012a339000,0x000000012a439000] _byte_map_base: 0x0000000126439000

Marking Bits (Prev, Next): (CMBitMap*) 0x00007f901a828e18, (CMBitMap*) 0x00007f901a828e50
 Prev Bits: [0x000000012a539000, 0x000000012ad39000)
 Next Bits: [0x000000012ad39000, 0x000000012b539000)

Polling page: 0x00000001041ae000

Metaspace:

Usage:
  Non-class:     36.21 MB capacity,    35.39 MB ( 98%) used,   676.47 KB (  2%) free+waste,   166.06 KB ( <1%) overhead. 
      Class:      5.65 MB capacity,     5.12 MB ( 90%) used,   470.93 KB (  8%) free+waste,    79.25 KB (  1%) overhead. 
       Both:     41.86 MB capacity,    40.50 MB ( 97%) used,     1.12 MB (  3%) free+waste,   245.31 KB ( <1%) overhead. 

Virtual space:
  Non-class space:       38.00 MB reserved,      36.42 MB ( 96%) committed 
      Class space:        1.00 GB reserved,       5.75 MB ( <1%) committed 
             Both:        1.04 GB reserved,      42.17 MB (  4%) committed 

Chunk freelists:
   Non-Class:  81.00 KB
       Class:  4.00 KB
        Both:  85.00 KB

MaxMetaspaceSize: unlimited
CompressedClassSpaceSize: 1.00 GB

CodeHeap 'non-profiled nmethods': size=120032Kb used=2017Kb max_used=2017Kb free=118014Kb
 bounds [0x0000000122c16000, 0x0000000122e86000, 0x000000012a14e000]
CodeHeap 'profiled nmethods': size=120028Kb used=9238Kb max_used=9238Kb free=110789Kb
 bounds [0x000000011b6df000, 0x000000011bfef000, 0x0000000122c16000]
CodeHeap 'non-nmethods': size=5700Kb used=1192Kb max_used=1257Kb free=4507Kb
 bounds [0x000000011b14e000, 0x000000011b3be000, 0x000000011b6df000]
 total_blobs=4286 nmethods=3817 adapters=390
 compilation: enabled
              stopped_count=0, restarted_count=0
 full_count=0

Compilation events (20 events):
Event: 5.829 Thread 0x00007f901b03e000 3809   !   3       org.springframework.core.annotation.AnnotationTypeMappings::addIfPossible (81 bytes)
Event: 5.830 Thread 0x00007f901b03e000 nmethod 3809 0x000000011bfcfa10 code [0x000000011bfcfd60, 0x000000011bfd1130]
Event: 5.830 Thread 0x00007f901b03e000 3810       3       org.springframework.core.annotation.AnnotationTypeMapping::<init> (191 bytes)
Event: 5.831 Thread 0x00007f901b03e000 nmethod 3810 0x000000011bfd1890 code [0x000000011bfd1c40, 0x000000011bfd39a0]
Event: 5.831 Thread 0x00007f901b03e000 3812       3       org.springframework.core.annotation.AnnotationTypeMapping::addConventionMappings (123 bytes)
Event: 5.831 Thread 0x00007f901b03e000 nmethod 3812 0x000000011bfd4190 code [0x000000011bfd43c0, 0x000000011bfd4ab0]
Event: 5.831 Thread 0x00007f901b03e000 3811       3       org.springframework.core.annotation.AnnotationTypeMapping::merge (46 bytes)
Event: 5.832 Thread 0x00007f901b03e000 nmethod 3811 0x000000011bfd4f10 code [0x000000011bfd51c0, 0x000000011bfd60e0]
Event: 5.832 Thread 0x00007f901b03e000 3813       3       org.springframework.core.annotation.AnnotationTypeMapping::resolveAliasTarget (394 bytes)
Event: 5.833 Thread 0x00007f901b03d800 3815       4       java.lang.reflect.Method::hashCode (19 bytes)
Event: 5.837 Thread 0x00007f901b03e000 nmethod 3813 0x000000011bfd6690 code [0x000000011bfd7460, 0x000000011bfe0410]
Event: 5.837 Thread 0x00007f901b03e000 3814       3       org.springframework.core.annotation.AttributeMethods::get (22 bytes)
Event: 5.837 Thread 0x00007f901b03e000 nmethod 3814 0x000000011bfe3590 code [0x000000011bfe3760, 0x000000011bfe3940]
Event: 5.842 Thread 0x00007f901b03d800 nmethod 3815 0x0000000122df4a90 code [0x0000000122df4c60, 0x0000000122df51a8]
Event: 5.844 Thread 0x00007f901b03d800 3817       4       sun.invoke.util.BytecodeDescriptor::unparseSig (91 bytes)
Event: 5.859 Thread 0x00007f901b03e000 3819       3       java.lang.invoke.ClassSpecializer$SpeciesData::transformHelper (56 bytes)
Event: 5.860 Thread 0x00007f901b03e000 nmethod 3819 0x000000011bfe3a90 code [0x000000011bfe3cc0, 0x000000011bfe4690]
Event: 5.881 Thread 0x00007f901b03d800 nmethod 3817 0x0000000122df5710 code [0x0000000122df59e0, 0x0000000122df8090]
Event: 5.881 Thread 0x00007f901b03d800 3818   !   4       jdk.internal.loader.BuiltinClassLoader::findClassOnClassPathOrNull (64 bytes)
Event: 6.240 Thread 0x00007f901b03d800 nmethod 3818 0x0000000122df9790 code [0x0000000122dfa020, 0x0000000122e07420]

GC Heap History (12 events):
Event: 1.444 GC heap before
{Heap before GC invocations=0 (full 0):
 garbage-first heap   total 131072K, used 24576K [0x00000007e0000000, 0x0000000800000000)
  region size 1024K, 24 young (24576K), 0 survivors (0K)
 Metaspace       used 13346K, capacity 13661K, committed 13952K, reserved 1060864K
  class space    used 1412K, capacity 1538K, committed 1664K, reserved 1048576K
}
Event: 1.460 GC heap after
{Heap after GC invocations=1 (full 0):
 garbage-first heap   total 131072K, used 6517K [0x00000007e0000000, 0x0000000800000000)
  region size 1024K, 3 young (3072K), 3 survivors (3072K)
 Metaspace       used 13346K, capacity 13661K, committed 13952K, reserved 1060864K
  class space    used 1412K, capacity 1538K, committed 1664K, reserved 1048576K
}
Event: 1.934 GC heap before
{Heap before GC invocations=1 (full 0):
 garbage-first heap   total 131072K, used 29045K [0x00000007e0000000, 0x0000000800000000)
  region size 1024K, 25 young (25600K), 3 survivors (3072K)
 Metaspace       used 17453K, capacity 18075K, committed 18432K, reserved 1064960K
  class space    used 1964K, capacity 2203K, committed 2304K, reserved 1048576K
}
Event: 1.945 GC heap after
{Heap after GC invocations=2 (full 0):
 garbage-first heap   total 131072K, used 7721K [0x00000007e0000000, 0x0000000800000000)
  region size 1024K, 2 young (2048K), 2 survivors (2048K)
 Metaspace       used 17453K, capacity 18075K, committed 18432K, reserved 1064960K
  class space    used 1964K, capacity 2203K, committed 2304K, reserved 1048576K
}
Event: 2.401 GC heap before
{Heap before GC invocations=2 (full 0):
 garbage-first heap   total 131072K, used 28201K [0x00000007e0000000, 0x0000000800000000)
  region size 1024K, 23 young (23552K), 2 survivors (2048K)
 Metaspace       used 20520K, capacity 21204K, committed 21296K, reserved 1069056K
  class space    used 2378K, capacity 2673K, committed 2688K, reserved 1048576K
}
Event: 2.408 GC heap after
{Heap after GC invocations=3 (full 0):
 garbage-first heap   total 131072K, used 8555K [0x00000007e0000000, 0x0000000800000000)
  region size 1024K, 2 young (2048K), 2 survivors (2048K)
 Metaspace       used 20520K, capacity 21204K, committed 21296K, reserved 1069056K
  class space    used 2378K, capacity 2673K, committed 2688K, reserved 1048576K
}
Event: 3.340 GC heap before
{Heap before GC invocations=4 (full 0):
 garbage-first heap   total 131072K, used 69995K [0x00000007e0000000, 0x0000000800000000)
  region size 1024K, 63 young (64512K), 2 survivors (2048K)
 Metaspace       used 30791K, capacity 31817K, committed 31920K, reserved 1077248K
  class space    used 3673K, capacity 4086K, committed 4096K, reserved 1048576K
}
Event: 3.350 GC heap after
{Heap after GC invocations=5 (full 0):
 garbage-first heap   total 131072K, used 11264K [0x00000007e0000000, 0x0000000800000000)
  region size 1024K, 5 young (5120K), 5 survivors (5120K)
 Metaspace       used 30791K, capacity 31817K, committed 31920K, reserved 1077248K
  class space    used 3673K, capacity 4086K, committed 4096K, reserved 1048576K
}
Event: 4.344 GC heap before
{Heap before GC invocations=5 (full 0):
 garbage-first heap   total 131072K, used 52224K [0x00000007e0000000, 0x0000000800000000)
  region size 1024K, 46 young (47104K), 5 survivors (5120K)
 Metaspace       used 34547K, capacity 35713K, committed 35888K, reserved 1081344K
  class space    used 4140K, capacity 4627K, committed 4736K, reserved 1048576K
}
Event: 4.360 GC heap after
{Heap after GC invocations=6 (full 0):
 garbage-first heap   total 131072K, used 13241K [0x00000007e0000000, 0x0000000800000000)
  region size 1024K, 7 young (7168K), 7 survivors (7168K)
 Metaspace       used 34547K, capacity 35713K, committed 35888K, reserved 1081344K
  class space    used 4140K, capacity 4627K, committed 4736K, reserved 1048576K
}
Event: 5.575 GC heap before
{Heap before GC invocations=7 (full 0):
 garbage-first heap   total 131072K, used 78777K [0x00000007e0000000, 0x0000000800000000)
  region size 1024K, 71 young (72704K), 7 survivors (7168K)
 Metaspace       used 39182K, capacity 40546K, committed 40752K, reserved 1085440K
  class space    used 4833K, capacity 5399K, committed 5504K, reserved 1048576K
}
Event: 5.592 GC heap after
{Heap after GC invocations=8 (full 0):
 garbage-first heap   total 131072K, used 14947K [0x00000007e0000000, 0x0000000800000000)
  region size 1024K, 5 young (5120K), 5 survivors (5120K)
 Metaspace       used 39182K, capacity 40546K, committed 40752K, reserved 1085440K
  class space    used 4833K, capacity 5399K, committed 5504K, reserved 1048576K
}

Deoptimization events (20 events):
Event: 5.807 Thread 0x00007f901b809800 DEOPT PACKING pc=0x0000000122cb1838 sp=0x000000030c5db030
Event: 5.807 Thread 0x00007f901b809800 DEOPT UNPACKING pc=0x000000011b183f1f sp=0x000000030c5dafd8 mode 2
Event: 5.808 Thread 0x00007f901b809800 DEOPT PACKING pc=0x0000000122daa3e4 sp=0x000000030c5db760
Event: 5.808 Thread 0x00007f901b809800 DEOPT UNPACKING pc=0x000000011b18432b sp=0x000000030c5dac18 mode 1
Event: 5.810 Thread 0x00007f901b809800 DEOPT PACKING pc=0x0000000122daa3e4 sp=0x000000030c5db820
Event: 5.810 Thread 0x00007f901b809800 DEOPT UNPACKING pc=0x000000011b18432b sp=0x000000030c5dacd8 mode 1
Event: 5.812 Thread 0x00007f901b809800 DEOPT PACKING pc=0x0000000122daa3e4 sp=0x000000030c5db4b0
Event: 5.812 Thread 0x00007f901b809800 DEOPT UNPACKING pc=0x000000011b18432b sp=0x000000030c5da968 mode 1
Event: 5.812 Thread 0x00007f901b809800 DEOPT PACKING pc=0x000000011b95d154 sp=0x000000030c5dbbc0
Event: 5.812 Thread 0x00007f901b809800 DEOPT UNPACKING pc=0x000000011b18432b sp=0x000000030c5db0b8 mode 1
Event: 5.812 Thread 0x00007f901b809800 DEOPT PACKING pc=0x000000011bc2565c sp=0x000000030c5dbc60
Event: 5.812 Thread 0x00007f901b809800 DEOPT UNPACKING pc=0x000000011b18432b sp=0x000000030c5db218 mode 1
Event: 5.812 Thread 0x00007f901b809800 DEOPT PACKING pc=0x0000000122daa3e4 sp=0x000000030c5db560
Event: 5.812 Thread 0x00007f901b809800 DEOPT UNPACKING pc=0x000000011b18432b sp=0x000000030c5daa18 mode 1
Event: 5.812 Thread 0x00007f901b809800 DEOPT PACKING pc=0x000000011b95d154 sp=0x000000030c5dbc70
Event: 5.812 Thread 0x00007f901b809800 DEOPT UNPACKING pc=0x000000011b18432b sp=0x000000030c5db180 mode 1
Event: 5.854 Thread 0x00007f901b809800 Uncommon trap: trap_request=0xffffffde fr.pc=0x0000000122c7b8a8 relative=0x00000000000012e8
Event: 5.854 Thread 0x00007f901b809800 Uncommon trap: reason=class_check action=maybe_recompile pc=0x0000000122c7b8a8 method=java.util.concurrent.ConcurrentHashMap.putVal(Ljava/lang/Object;Ljava/lang/Object;Z)Ljava/lang/Object; @ 242 c2
Event: 5.854 Thread 0x00007f901b809800 DEOPT PACKING pc=0x0000000122c7b8a8 sp=0x000000030c5db300
Event: 5.854 Thread 0x00007f901b809800 DEOPT UNPACKING pc=0x000000011b183f1f sp=0x000000030c5db290 mode 2

Classes redefined (2 events):
Event: 191.600 Thread 0x00007f901a8e2800 redefined class name=com.ge.urlshortener.controller.UrlController, count=1
Event: 431.956 Thread 0x00007f901a8e2800 redefined class name=com.ge.urlshortener.controller.UrlController, count=2

Internal exceptions (20 events):
Event: 5.290 Thread 0x00007f901b809800 Implicit null exception at 0x0000000122d84ec3 to 0x0000000122d85332
Event: 5.303 Thread 0x00007f901b809800 Exception <a 'java/lang/ClassNotFoundException'{0x00000007e4c09410}: java/lang/ObjectCustomizer> (0x00000007e4c09410) thrown at [./src/hotspot/share/classfile/systemDictionary.cpp, line 231]
Event: 5.304 Thread 0x00007f901b809800 Exception <a 'java/lang/ClassNotFoundException'{0x00000007e4c1d378}: org/springframework/test/web/servlet/MockMvcCustomizer> (0x00000007e4c1d378) thrown at [./src/hotspot/share/classfile/systemDictionary.cpp, line 231]
Event: 5.310 Thread 0x00007f901b809800 Exception <a 'java/lang/ClassNotFoundException'{0x00000007e4c7c0a8}: java/lang/ObjectCustomizer> (0x00000007e4c7c0a8) thrown at [./src/hotspot/share/classfile/systemDictionary.cpp, line 231]
Event: 5.311 Thread 0x00007f901b809800 Exception <a 'java/lang/ClassNotFoundException'{0x00000007e4c8e500}: javax/servlet/GenericServletCustomizer> (0x00000007e4c8e500) thrown at [./src/hotspot/share/classfile/systemDictionary.cpp, line 231]
Event: 5.312 Thread 0x00007f901b809800 Exception <a 'java/lang/ClassNotFoundException'{0x00000007e4ca5048}: javax/servlet/http/HttpServletCustomizer> (0x00000007e4ca5048) thrown at [./src/hotspot/share/classfile/systemDictionary.cpp, line 231]
Event: 5.312 Thread 0x00007f901b809800 Exception <a 'java/lang/ClassNotFoundException'{0x00000007e4cb91f0}: org/springframework/web/servlet/HttpServletBeanCustomizer> (0x00000007e4cb91f0) thrown at [./src/hotspot/share/classfile/systemDictionary.cpp, line 231]
Event: 5.315 Thread 0x00007f901b809800 Exception <a 'java/lang/ClassNotFoundException'{0x00000007e4cd08c0}: org/springframework/web/servlet/FrameworkServletCustomizer> (0x00000007e4cd08c0) thrown at [./src/hotspot/share/classfile/systemDictionary.cpp, line 231]
Event: 5.316 Thread 0x00007f901b809800 Exception <a 'java/lang/ClassNotFoundException'{0x00000007e4cf8868}: org/springframework/web/servlet/DispatcherServletCustomizer> (0x00000007e4cf8868) thrown at [./src/hotspot/share/classfile/systemDictionary.cpp, line 231]
Event: 5.319 Thread 0x00007f901b809800 Exception <a 'java/lang/ClassNotFoundException'{0x00000007e4b19908}: org/springframework/test/web/servlet/TestDispatcherServletCustomizer> (0x00000007e4b19908) thrown at [./src/hotspot/share/classfile/systemDictionary.cpp, line 231]
Event: 5.324 Thread 0x00007f901b809800 Exception <a 'java/lang/ClassNotFoundException'{0x00000007e4b67930}: org/springframework/context/ApplicationContextAwareCustomizer> (0x00000007e4b67930) thrown at [./src/hotspot/share/classfile/systemDictionary.cpp, line 231]
Event: 5.324 Thread 0x00007f901b809800 Exception <a 'java/lang/ClassNotFoundException'{0x00000007e4b78698}: org/springframework/beans/factory/AwareCustomizer> (0x00000007e4b78698) thrown at [./src/hotspot/share/classfile/systemDictionary.cpp, line 231]
Event: 5.325 Thread 0x00007f901b809800 Exception <a 'java/lang/ClassNotFoundException'{0x00000007e4b898c0}: org/springframework/core/env/EnvironmentCapableCustomizer> (0x00000007e4b898c0) thrown at [./src/hotspot/share/classfile/systemDictionary.cpp, line 231]
Event: 5.325 Thread 0x00007f901b809800 Exception <a 'java/lang/ClassNotFoundException'{0x00000007e4b9b518}: org/springframework/context/EnvironmentAwareCustomizer> (0x00000007e4b9b518) thrown at [./src/hotspot/share/classfile/systemDictionary.cpp, line 231]
Event: 5.325 Thread 0x00007f901b809800 Exception <a 'java/lang/ClassNotFoundException'{0x00000007e4babcf8}: org/springframework/beans/factory/AwareCustomizer> (0x00000007e4babcf8) thrown at [./src/hotspot/share/classfile/systemDictionary.cpp, line 231]
Event: 5.325 Thread 0x00007f901b809800 Exception <a 'java/lang/ClassNotFoundException'{0x00000007e4bb98a0}: javax/servlet/ServletCustomizer> (0x00000007e4bb98a0) thrown at [./src/hotspot/share/classfile/systemDictionary.cpp, line 231]
Event: 5.326 Thread 0x00007f901b809800 Exception <a 'java/lang/ClassNotFoundException'{0x00000007e4bcadb0}: javax/servlet/ServletConfigCustomizer> (0x00000007e4bcadb0) thrown at [./src/hotspot/share/classfile/systemDictionary.cpp, line 231]
Event: 5.365 Thread 0x00007f901b809800 Exception <a 'java/lang/ClassNotFoundException'{0x00000007e4adf7f0}: java/lang/ObjectCustomizer> (0x00000007e4adf7f0) thrown at [./src/hotspot/share/classfile/systemDictionary.cpp, line 231]
Event: 5.367 Thread 0x00007f901b809800 Exception <a 'java/lang/ClassNotFoundException'{0x00000007e4af3de8}: com/ge/urlshortener/controller/UrlControllerTestCustomizer> (0x00000007e4af3de8) thrown at [./src/hotspot/share/classfile/systemDictionary.cpp, line 231]
Event: 5.691 Thread 0x00007f901b809800 Exception <a 'java/lang/ClassNotFoundException'{0x00000007e7613bf8}: java/lang/ClassLoader$ByteBuddyAccessor$3QBCtA0v> (0x00000007e7613bf8) thrown at [./src/hotspot/share/classfile/systemDictionary.cpp, line 231]

Events (20 events):
Event: 431.967 Executing VM operation: GetStackTrace done
Event: 431.972 Executing VM operation: ChangeBreakpoints
Event: 431.973 Executing VM operation: ChangeBreakpoints done
Event: 431.974 Executing VM operation: ChangeBreakpoints
Event: 431.975 Executing VM operation: ChangeBreakpoints done
Event: 431.975 Executing VM operation: ChangeBreakpoints
Event: 431.976 Executing VM operation: ChangeBreakpoints done
Event: 431.977 Executing VM operation: ChangeBreakpoints
Event: 431.978 Executing VM operation: ChangeBreakpoints done
Event: 431.979 Executing VM operation: ChangeBreakpoints
Event: 431.980 Executing VM operation: ChangeBreakpoints done
Event: 431.980 Executing VM operation: ChangeBreakpoints
Event: 431.981 Executing VM operation: ChangeBreakpoints done
Event: 431.982 Executing VM operation: ChangeBreakpoints
Event: 431.983 Executing VM operation: ChangeBreakpoints done
Event: 431.984 Executing VM operation: GetFrameCount
Event: 431.984 Executing VM operation: GetFrameCount done
Event: 431.984 Executing VM operation: GetStackTrace
Event: 431.984 Executing VM operation: GetStackTrace done
Event: 431.999 Executing VM operation: GetOrSetLocal


Dynamic libraries:
0x00007ffdffc9b000 	/Library/Apple/usr/libexec/oah/runtime
0x00007fff352de000 	/System/Library/Frameworks/Cocoa.framework/Versions/A/Cocoa
0x00007fff2219d000 	/System/Library/Frameworks/Security.framework/Versions/A/Security
0x00007fff334dd000 	/System/Library/Frameworks/ApplicationServices.framework/Versions/A/ApplicationServices
0x00007fff2a640000 	/usr/lib/libz.1.dylib
0x000000010c452000 	/Library/Java/JavaVirtualMachines/adoptopenjdk-11.jdk/Contents/Home/lib/jli/libjli.dylib
0x00007fff2a70c000 	/usr/lib/libSystem.B.dylib
0x00007fff22bc3000 	/System/Library/Frameworks/AppKit.framework/Versions/C/AppKit
0x00007fff25a7f000 	/System/Library/Frameworks/CoreData.framework/Versions/A/CoreData
0x00007fff21112000 	/System/Library/Frameworks/Foundation.framework/Versions/C/Foundation
0x00007fff23926000 	/System/Library/PrivateFrameworks/UIFoundation.framework/Versions/A/UIFoundation
0x00007fff2fec1000 	/System/Library/PrivateFrameworks/RemoteViewServices.framework/Versions/A/RemoteViewServices
0x00007fff28c5d000 	/System/Library/PrivateFrameworks/XCTTargetBootstrap.framework/Versions/A/XCTTargetBootstrap
0x00007fff2b9a9000 	/usr/lib/libspindump.dylib
0x00007fff23b7a000 	/System/Library/Frameworks/UniformTypeIdentifiers.framework/Versions/A/UniformTypeIdentifiers
0x00007fff27434000 	/usr/lib/libapp_launch_measurement.dylib
0x00007fff27437000 	/System/Library/PrivateFrameworks/CoreAutoLayout.framework/Versions/A/CoreAutoLayout
0x00007fff285bf000 	/System/Library/Frameworks/Metal.framework/Versions/A/Metal
0x00007fff292b2000 	/usr/lib/liblangid.dylib
0x00007fff28c61000 	/System/Library/PrivateFrameworks/CoreSVG.framework/Versions/A/CoreSVG
0x00007fff24b61000 	/System/Library/PrivateFrameworks/SkyLight.framework/Versions/A/SkyLight
0x00007fff24ec7000 	/System/Library/Frameworks/CoreGraphics.framework/Versions/A/CoreGraphics
0x00007fff30518000 	/System/Library/Frameworks/Accelerate.framework/Versions/A/Accelerate
0x00007fff2b3e4000 	/System/Library/PrivateFrameworks/IconServices.framework/Versions/A/IconServices
0x00007fff285a4000 	/System/Library/Frameworks/IOSurface.framework/Versions/A/IOSurface
0x00007fff26411000 	/usr/lib/libDiagnosticMessagesClient.dylib
0x00007fff28c49000 	/System/Library/PrivateFrameworks/DFRFoundation.framework/Versions/A/DFRFoundation
0x00007fff224ef000 	/usr/lib/libicucore.A.dylib
0x00007fff2cee9000 	/System/Library/Frameworks/AudioToolbox.framework/Versions/A/AudioToolbox
0x00007fff2c18f000 	/System/Library/PrivateFrameworks/DataDetectorsCore.framework/Versions/A/DataDetectorsCore
0x00007fff28949000 	/System/Library/Frameworks/Carbon.framework/Versions/A/Frameworks/HIToolbox.framework/Versions/A/HIToolbox
0x00007fff26e8c000 	/System/Library/Frameworks/QuartzCore.framework/Versions/A/QuartzCore
0x00007fff2fefd000 	/System/Library/Frameworks/Carbon.framework/Versions/A/Frameworks/SpeechRecognition.framework/Versions/A/SpeechRecognition
0x00007fff2719c000 	/System/Library/PrivateFrameworks/CoreUI.framework/Versions/A/CoreUI
0x00007fff21af9000 	/System/Library/Frameworks/CoreAudio.framework/Versions/A/CoreAudio
0x00007fff264fc000 	/System/Library/Frameworks/DiskArbitration.framework/Versions/A/DiskArbitration
0x00007fff2bda3000 	/System/Library/PrivateFrameworks/MultitouchSupport.framework/Versions/A/MultitouchSupport
0x00007fff2c186000 	/System/Library/PrivateFrameworks/InternationalSupport.framework/Versions/A/InternationalSupport
0x00007fff24ad5000 	/usr/lib/libenergytrace.dylib
0x00007fff22abd000 	/System/Library/Frameworks/IOKit.framework/Versions/A/IOKit
0x00007fff3024a000 	/System/Library/Frameworks/CoreServices.framework/Versions/A/CoreServices
0x00007fff273ca000 	/System/Library/PrivateFrameworks/PerformanceAnalysis.framework/Versions/A/PerformanceAnalysis
0x00007fff6cb53000 	/System/Library/Frameworks/OpenGL.framework/Versions/A/OpenGL
0x00007fff2c20b000 	/System/Library/PrivateFrameworks/UserActivity.framework/Versions/A/UserActivity
0x00007fff2024f000 	/usr/lib/libobjc.A.dylib
0x00007fff25581000 	/System/Library/Frameworks/ColorSync.framework/Versions/A/ColorSync
0x00007fff20430000 	/System/Library/Frameworks/CoreFoundation.framework/Versions/A/CoreFoundation
0x00007fff28ec9000 	/System/Library/Frameworks/CoreImage.framework/Versions/A/CoreImage
0x00007fff21910000 	/System/Library/Frameworks/CoreText.framework/Versions/A/CoreText
0x00007fff28c8b000 	/System/Library/Frameworks/ImageIO.framework/Versions/A/ImageIO
0x00007fff2a712000 	/System/Library/PrivateFrameworks/SoftLinking.framework/Versions/A/SoftLinking
0x00007fff27480000 	/usr/lib/libxml2.2.dylib
0x00007fff20315000 	/usr/lib/libc++.1.dylib
0x00007fff2a984000 	/usr/lib/libcompression.dylib
0x00007fff24ad6000 	/usr/lib/libMobileGestalt.dylib
0x00007fff2c0b9000 	/System/Library/PrivateFrameworks/TextureIO.framework/Versions/A/TextureIO
0x00007fff2b071000 	/usr/lib/libate.dylib
0x00007fff2a706000 	/usr/lib/system/libcache.dylib
0x00007fff2a6c2000 	/usr/lib/system/libcommonCrypto.dylib
0x00007fff2a6ec000 	/usr/lib/system/libcompiler_rt.dylib
0x00007fff2a6e1000 	/usr/lib/system/libcopyfile.dylib
0x00007fff2013e000 	/usr/lib/system/libcorecrypto.dylib
0x00007fff2020a000 	/usr/lib/system/libdispatch.dylib
0x00007fff203bf000 	/usr/lib/system/libdyld.dylib
0x00007fff2a6fd000 	/usr/lib/system/libkeymgr.dylib
0x00007fff2dc9b000 	/usr/lib/system/liblaunch.dylib
0x00007fff2a6a0000 	/usr/lib/system/libmacho.dylib
0x00007fff29eb6000 	/usr/lib/system/libquarantine.dylib
0x00007fff2a6fa000 	/usr/lib/system/libremovefile.dylib
0x00007fff24b32000 	/usr/lib/system/libsystem_asl.dylib
0x00007fff200ee000 	/usr/lib/system/libsystem_blocks.dylib
0x00007fff2028c000 	/usr/lib/system/libsystem_c.dylib
0x00007fff2a6f4000 	/usr/lib/system/libsystem_collections.dylib
0x00007fff292a3000 	/usr/lib/system/libsystem_configuration.dylib
0x00007fff28593000 	/usr/lib/system/libsystem_containermanager.dylib
0x00007fff2a438000 	/usr/lib/system/libsystem_coreservices.dylib
0x00007fff22751000 	/usr/lib/system/libsystem_darwin.dylib
0x00007fff2a6fe000 	/usr/lib/system/libsystem_dnssd.dylib
0x00007fff20289000 	/usr/lib/system/libsystem_featureflags.dylib
0x00007fff20404000 	/usr/lib/system/libsystem_info.dylib
0x00007fff2a653000 	/usr/lib/system/libsystem_m.dylib
0x00007fff201dd000 	/usr/lib/system/libsystem_malloc.dylib
0x00007fff24ac6000 	/usr/lib/system/libsystem_networkextension.dylib
0x00007fff22b6b000 	/usr/lib/system/libsystem_notify.dylib
0x00007fff30148000 	/usr/lib/system/libsystem_product_info_filter.dylib
0x00007fff292a7000 	/usr/lib/system/libsystem_sandbox.dylib
0x00007fff2a6f7000 	/usr/lib/system/libsystem_secinit.dylib
0x00007fff20384000 	/usr/lib/system/libsystem_kernel.dylib
0x00007fff203fa000 	/usr/lib/system/libsystem_platform.dylib
0x00007fff203b3000 	/usr/lib/system/libsystem_pthread.dylib
0x00007fff2625f000 	/usr/lib/system/libsystem_symptoms.dylib
0x00007fff20126000 	/usr/lib/system/libsystem_trace.dylib
0x00007fff2a6ce000 	/usr/lib/system/libunwind.dylib
0x00007fff200f0000 	/usr/lib/system/libxpc.dylib
0x00007fff2036b000 	/usr/lib/libc++abi.dylib
0x00007fff2a6d9000 	/usr/lib/liboah.dylib
0x00007fff2ad9d000 	/usr/lib/liblzma.5.dylib
0x00007fff20e26000 	/System/Library/Frameworks/SystemConfiguration.framework/Versions/A/SystemConfiguration
0x00007fff2a70e000 	/usr/lib/libfakelink.dylib
0x00007fff24628000 	/System/Library/Frameworks/CFNetwork.framework/Versions/A/CFNetwork
0x00007fff2a84e000 	/usr/lib/libarchive.2.dylib
0x00007fff20ea4000 	/usr/lib/libCRFSuite.dylib
0x00007fff29edd000 	/usr/lib/libbsm.0.dylib
0x00007fff23fe4000 	/usr/lib/libnetwork.dylib
0x00007fff2a713000 	/usr/lib/libpcap.A.dylib
0x00007fff26258000 	/usr/lib/libdns_services.dylib
0x00007fff2adb6000 	/usr/lib/libcoretls_cfhelpers.dylib
0x00007fff2a952000 	/usr/lib/libapple_nghttp2.dylib
0x00007fff2a6a6000 	/usr/lib/system/libkxld.dylib
0x00007fff25ec6000 	/usr/lib/libsqlite3.dylib
0x00007fff2a41a000 	/System/Library/PrivateFrameworks/AppleFSCompression.framework/Versions/A/AppleFSCompression
0x00007fff29ec5000 	/usr/lib/libcoretls.dylib
0x00007fff2a97f000 	/usr/lib/libpam.2.dylib
0x00007fff2aeb2000 	/usr/lib/libxar.1.dylib
0x00007fff292ae000 	/System/Library/PrivateFrameworks/AppleSystemInfo.framework/Versions/A/AppleSystemInfo
0x00007fff29b08000 	/System/Library/PrivateFrameworks/IOMobileFramebuffer.framework/Versions/A/IOMobileFramebuffer
0x00007fff2a42a000 	/usr/lib/libbz2.1.0.dylib
0x00007fff2a74b000 	/usr/lib/libiconv.2.dylib
0x00007fff2a69f000 	/usr/lib/libcharset.1.dylib
0x00007fff27406000 	/System/Library/Frameworks/CoreServices.framework/Versions/A/Frameworks/FSEvents.framework/Versions/A/FSEvents
0x00007fff2275b000 	/System/Library/Frameworks/CoreServices.framework/Versions/A/Frameworks/CarbonCore.framework/Versions/A/CarbonCore
0x00007fff26461000 	/System/Library/Frameworks/CoreServices.framework/Versions/A/Frameworks/Metadata.framework/Versions/A/Metadata
0x00007fff2a43d000 	/System/Library/Frameworks/CoreServices.framework/Versions/A/Frameworks/OSServices.framework/Versions/A/OSServices
0x00007fff2a8c0000 	/System/Library/Frameworks/CoreServices.framework/Versions/A/Frameworks/SearchKit.framework/Versions/A/SearchKit
0x00007fff261e2000 	/System/Library/Frameworks/CoreServices.framework/Versions/A/Frameworks/AE.framework/Versions/A/AE
0x00007fff208cc000 	/System/Library/Frameworks/CoreServices.framework/Versions/A/Frameworks/LaunchServices.framework/Versions/A/LaunchServices
0x00007fff2ad4e000 	/System/Library/Frameworks/CoreServices.framework/Versions/A/Frameworks/DictionaryServices.framework/Versions/A/DictionaryServices
0x00007fff2740f000 	/System/Library/Frameworks/CoreServices.framework/Versions/A/Frameworks/SharedFileList.framework/Versions/A/SharedFileList
0x00007fff29eb9000 	/usr/lib/libCheckFix.dylib
0x00007fff24b49000 	/System/Library/PrivateFrameworks/TCC.framework/Versions/A/TCC
0x00007fff292b4000 	/System/Library/PrivateFrameworks/CoreNLP.framework/Versions/A/CoreNLP
0x00007fff26414000 	/System/Library/PrivateFrameworks/MetadataUtilities.framework/Versions/A/MetadataUtilities
0x00007fff20eda000 	/usr/lib/libmecabra.dylib
0x00007fff2a1cd000 	/System/Library/Frameworks/MLCompute.framework/Versions/A/MLCompute
0x00007fff29eee000 	/usr/lib/libmecab.dylib
0x00007fff29f38000 	/usr/lib/libgermantok.dylib
0x00007fff2a928000 	/usr/lib/libThaiTokenizer.dylib
0x00007fff2aeed000 	/usr/lib/libChineseTokenizer.dylib
0x00007fff2a97d000 	/System/Library/Frameworks/MetalPerformanceShaders.framework/Versions/A/MetalPerformanceShaders
0x00007fff26503000 	/System/Library/Frameworks/Accelerate.framework/Versions/A/Frameworks/vImage.framework/Versions/A/vImage
0x00007fff30223000 	/System/Library/Frameworks/Accelerate.framework/Versions/A/Frameworks/vecLib.framework/Versions/A/vecLib
0x00007fff2aef8000 	/System/Library/Frameworks/Accelerate.framework/Versions/A/Frameworks/vecLib.framework/Versions/A/libvMisc.dylib
0x00007fff29964000 	/System/Library/Frameworks/Accelerate.framework/Versions/A/Frameworks/vecLib.framework/Versions/A/libvDSP.dylib
0x00007fff20bd0000 	/System/Library/Frameworks/Accelerate.framework/Versions/A/Frameworks/vecLib.framework/Versions/A/libBLAS.dylib
0x00007fff2a9a3000 	/System/Library/Frameworks/Accelerate.framework/Versions/A/Frameworks/vecLib.framework/Versions/A/libLAPACK.dylib
0x00007fff29f3e000 	/System/Library/Frameworks/Accelerate.framework/Versions/A/Frameworks/vecLib.framework/Versions/A/libLinearAlgebra.dylib
0x00007fff2a96a000 	/System/Library/Frameworks/Accelerate.framework/Versions/A/Frameworks/vecLib.framework/Versions/A/libSparseBLAS.dylib
0x00007fff2a99d000 	/System/Library/Frameworks/Accelerate.framework/Versions/A/Frameworks/vecLib.framework/Versions/A/libQuadrature.dylib
0x00007fff2935c000 	/System/Library/Frameworks/Accelerate.framework/Versions/A/Frameworks/vecLib.framework/Versions/A/libBNNS.dylib
0x00007fff20db7000 	/System/Library/Frameworks/Accelerate.framework/Versions/A/Frameworks/vecLib.framework/Versions/A/libSparse.dylib
0x00007fff29247000 	/System/Library/Frameworks/MetalPerformanceShaders.framework/Versions/A/Frameworks/MPSCore.framework/Versions/A/MPSCore
0x00007fff2a389000 	/System/Library/Frameworks/MetalPerformanceShaders.framework/Versions/A/Frameworks/MPSImage.framework/Versions/A/MPSImage
0x00007fff29f55000 	/System/Library/Frameworks/MetalPerformanceShaders.framework/Versions/A/Frameworks/MPSNeuralNetwork.framework/Versions/A/MPSNeuralNetwork
0x00007fff2a314000 	/System/Library/Frameworks/MetalPerformanceShaders.framework/Versions/A/Frameworks/MPSMatrix.framework/Versions/A/MPSMatrix
0x00007fff2a17d000 	/System/Library/Frameworks/MetalPerformanceShaders.framework/Versions/A/Frameworks/MPSRayIntersector.framework/Versions/A/MPSRayIntersector
0x00007fff2a34b000 	/System/Library/Frameworks/MetalPerformanceShaders.framework/Versions/A/Frameworks/MPSNDArray.framework/Versions/A/MPSNDArray
0x00007fff20afc000 	/System/Library/PrivateFrameworks/MetalTools.framework/Versions/A/MetalTools
0x00007fff292ac000 	/System/Library/PrivateFrameworks/AggregateDictionary.framework/Versions/A/AggregateDictionary
0x00007fff263ec000 	/System/Library/PrivateFrameworks/CoreAnalytics.framework/Versions/A/CoreAnalytics
0x00007fff2a92a000 	/System/Library/PrivateFrameworks/AppleSauce.framework/Versions/A/AppleSauce
0x00007fff285b6000 	/System/Library/PrivateFrameworks/IOAccelerator.framework/Versions/A/IOAccelerator
0x00007fff6cb47000 	/System/Library/Frameworks/OpenGL.framework/Versions/A/Libraries/libCoreFSCache.dylib
0x00007fff21476000 	/System/Library/PrivateFrameworks/LanguageModeling.framework/Versions/A/LanguageModeling
0x00007fff29af5000 	/System/Library/PrivateFrameworks/CoreEmoji.framework/Versions/A/CoreEmoji
0x00007fff29355000 	/System/Library/PrivateFrameworks/LinguisticData.framework/Versions/A/LinguisticData
0x00007fff20d69000 	/System/Library/PrivateFrameworks/Lexicon.framework/Versions/A/Lexicon
0x00007fff2a83c000 	/usr/lib/libcmph.dylib
0x00007fff273e6000 	/System/Library/Frameworks/OpenDirectory.framework/Versions/A/Frameworks/CFOpenDirectory.framework/Versions/A/CFOpenDirectory
0x00007fff273d6000 	/System/Library/Frameworks/OpenDirectory.framework/Versions/A/OpenDirectory
0x00007fff2adb8000 	/System/Library/PrivateFrameworks/APFS.framework/Versions/A/APFS
0x00007fff29e1a000 	/System/Library/Frameworks/SecurityFoundation.framework/Versions/A/SecurityFoundation
0x00007fff2aec0000 	/usr/lib/libutil.dylib
0x00007fff22a82000 	/System/Library/PrivateFrameworks/CoreServicesStore.framework/Versions/A/CoreServicesStore
0x00007fff29eb1000 	/System/Library/Frameworks/ServiceManagement.framework/Versions/A/ServiceManagement
0x00007fff2aec4000 	/usr/lib/libxslt.1.dylib
0x00007fff29ea7000 	/System/Library/PrivateFrameworks/BackgroundTaskManagement.framework/Versions/A/BackgroundTaskManagement
0x00007fff2c004000 	/System/Library/Frameworks/ImageIO.framework/Versions/A/Resources/libRadiance.dylib
0x00007fff2c00d000 	/System/Library/Frameworks/ImageIO.framework/Versions/A/Resources/libJPEG.dylib
0x00007fff2bf5d000 	/System/Library/Frameworks/ImageIO.framework/Versions/A/Resources/libPng.dylib
0x00007fff2bf84000 	/System/Library/Frameworks/ImageIO.framework/Versions/A/Resources/libTIFF.dylib
0x00007fff2c062000 	/System/Library/Frameworks/ImageIO.framework/Versions/A/Resources/libGIF.dylib
0x00007fff2bcc1000 	/System/Library/Frameworks/ImageIO.framework/Versions/A/Resources/libJP2.dylib
0x00007fff2b3ab000 	/usr/lib/libexpat.1.dylib
0x00007fff2bc76000 	/System/Library/PrivateFrameworks/AppleJPEG.framework/Versions/A/AppleJPEG
0x00007fff287ec000 	/System/Library/PrivateFrameworks/FontServices.framework/libFontParser.dylib
0x00007fff26196000 	/System/Library/PrivateFrameworks/RunningBoardServices.framework/Versions/A/RunningBoardServices
0x00007fff2bd9f000 	/System/Library/PrivateFrameworks/WatchdogClient.framework/Versions/A/WatchdogClient
0x00007fff21563000 	/System/Library/Frameworks/CoreDisplay.framework/Versions/A/CoreDisplay
0x00007fff28702000 	/System/Library/Frameworks/CoreMedia.framework/Versions/A/CoreMedia
0x00007fff27563000 	/System/Library/Frameworks/CoreVideo.framework/Versions/A/CoreVideo
0x00007fff2bdd7000 	/System/Library/Frameworks/VideoToolbox.framework/Versions/A/VideoToolbox
0x00007fff26114000 	/System/Library/PrivateFrameworks/BaseBoard.framework/Versions/A/BaseBoard
0x00007fff2b4f0000 	/System/Library/PrivateFrameworks/PersistentConnection.framework/Versions/A/PersistentConnection
0x00007fff25eaf000 	/System/Library/PrivateFrameworks/ProtocolBuffer.framework/Versions/A/ProtocolBuffer
0x00007fff260fb000 	/System/Library/PrivateFrameworks/CommonUtilities.framework/Versions/A/CommonUtilities
0x00007fff2bc0b000 	/System/Library/PrivateFrameworks/Bom.framework/Versions/A/Bom
0x00007fff2bffd000 	/System/Library/PrivateFrameworks/GPUWrangler.framework/Versions/A/GPUWrangler
0x00007fff2bfe2000 	/System/Library/PrivateFrameworks/IOPresentment.framework/Versions/A/IOPresentment
0x00007fff2c007000 	/System/Library/PrivateFrameworks/DSExternalDisplay.framework/Versions/A/DSExternalDisplay
0x00007fff2c067000 	/System/Library/PrivateFrameworks/CMCaptureCore.framework/Versions/A/CMCaptureCore
0x00007fff2b990000 	/System/Library/PrivateFrameworks/AppServerSupport.framework/Versions/A/AppServerSupport
0x00007fff2da3a000 	/System/Library/PrivateFrameworks/perfdata.framework/Versions/A/perfdata
0x00007fff29e09000 	/System/Library/PrivateFrameworks/AssertionServices.framework/Versions/A/AssertionServices
0x00007fff2169a000 	/System/Library/PrivateFrameworks/AudioToolboxCore.framework/Versions/A/AudioToolboxCore
0x00007fff286e5000 	/System/Library/PrivateFrameworks/caulk.framework/Versions/A/caulk
0x00007fff3d6c7000 	/System/Library/PrivateFrameworks/SystemPolicy.framework/Versions/A/SystemPolicy
0x00007fff2b1a0000 	/usr/lib/libIOReport.dylib
0x00007fff2d25c000 	/usr/lib/libSMC.dylib
0x00007fff2bf2a000 	/usr/lib/libAudioToolboxUtility.dylib
0x00007fff3e031000 	/usr/lib/libmis.dylib
0x00007fff6cba3000 	/System/Library/Frameworks/OpenGL.framework/Versions/A/Libraries/libGLU.dylib
0x00007fff6cb66000 	/System/Library/Frameworks/OpenGL.framework/Versions/A/Libraries/libGFXShared.dylib
0x00007fff6cd75000 	/System/Library/Frameworks/OpenGL.framework/Versions/A/Libraries/libGL.dylib
0x00007fff6cb6f000 	/System/Library/Frameworks/OpenGL.framework/Versions/A/Libraries/libGLImage.dylib
0x00007fff6cb63000 	/System/Library/Frameworks/OpenGL.framework/Versions/A/Libraries/libCVMSPluginSupport.dylib
0x00007fff6cb4e000 	/System/Library/Frameworks/OpenGL.framework/Versions/A/Libraries/libCoreVMClient.dylib
0x00007fff6e1b6000 	/System/Library/Frameworks/OpenCL.framework/Versions/A/OpenCL
0x00007fff2b51a000 	/System/Library/PrivateFrameworks/GraphVisualizer.framework/Versions/A/GraphVisualizer
0x00007fff2b529000 	/System/Library/PrivateFrameworks/FaceCore.framework/Versions/A/FaceCore
0x00007fff2b945000 	/System/Library/PrivateFrameworks/OTSVG.framework/Versions/A/OTSVG
0x00007fff2715a000 	/System/Library/Frameworks/ApplicationServices.framework/Versions/A/Frameworks/ATS.framework/Versions/A/Resources/libFontRegistry.dylib
0x00007fff2b997000 	/System/Library/PrivateFrameworks/FontServices.framework/libhvf.dylib
0x00007fff2b357000 	/System/Library/PrivateFrameworks/AppleVA.framework/Versions/A/AppleVA
0x00007fff2d0a5000 	/System/Library/Frameworks/ApplicationServices.framework/Versions/A/Frameworks/ATS.framework/Versions/A/ATS
0x00007fff2d3b7000 	/System/Library/Frameworks/ApplicationServices.framework/Versions/A/Frameworks/ColorSyncLegacy.framework/Versions/A/ColorSyncLegacy
0x00007fff25678000 	/System/Library/Frameworks/ApplicationServices.framework/Versions/A/Frameworks/HIServices.framework/Versions/A/HIServices
0x00007fff2d39c000 	/System/Library/Frameworks/ApplicationServices.framework/Versions/A/Frameworks/LangAnalysis.framework/Versions/A/LangAnalysis
0x00007fff2c071000 	/System/Library/Frameworks/ApplicationServices.framework/Versions/A/Frameworks/PrintCore.framework/Versions/A/PrintCore
0x00007fff2d3bf000 	/System/Library/Frameworks/ApplicationServices.framework/Versions/A/Frameworks/QD.framework/Versions/A/QD
0x00007fff2d095000 	/System/Library/Frameworks/ApplicationServices.framework/Versions/A/Frameworks/SpeechSynthesis.framework/Versions/A/SpeechSynthesis
0x00007fff2c032000 	/System/Library/Frameworks/ApplicationServices.framework/Versions/A/Frameworks/ATSUI.framework/Versions/A/ATSUI
0x00007fff2d33c000 	/usr/lib/libcups.2.dylib
0x00007fff2d3ac000 	/System/Library/PrivateFrameworks/NetAuth.framework/Versions/A/NetAuth
0x00007fff2da56000 	/System/Library/Frameworks/Kerberos.framework/Versions/A/Kerberos
0x00007fff2da66000 	/System/Library/Frameworks/GSS.framework/Versions/A/GSS
0x00007fff2d111000 	/usr/lib/libresolv.9.dylib
0x00007fff2b9ac000 	/System/Library/PrivateFrameworks/Heimdal.framework/Versions/A/Heimdal
0x00007fff337dd000 	/System/Library/Frameworks/Kerberos.framework/Versions/A/Libraries/libHeimdalProxy.dylib
0x00007fff26267000 	/System/Library/Frameworks/Network.framework/Versions/A/Network
0x00007fff2b3c5000 	/usr/lib/libheimdal-asn1.dylib
0x00007fff2dab6000 	/System/Library/PrivateFrameworks/CommonAuth.framework/Versions/A/CommonAuth
0x00007fff275b0000 	/System/Library/PrivateFrameworks/login.framework/Versions/A/Frameworks/loginsupport.framework/Versions/A/loginsupport
0x00007fff2d01a000 	/System/Library/PrivateFrameworks/AudioSession.framework/Versions/A/AudioSession
0x00007fff2d082000 	/usr/lib/libAudioStatistics.dylib
0x00007fff2b452000 	/System/Library/PrivateFrameworks/MediaExperience.framework/Versions/A/MediaExperience
0x00007fff2ceb7000 	/System/Library/PrivateFrameworks/AudioSession.framework/libSessionUtility.dylib
0x00007fff2da47000 	/usr/lib/libperfcheck.dylib
0x00007fff2d3cb000 	/System/Library/PrivateFrameworks/AudioResourceArbitration.framework/Versions/A/AudioResourceArbitration
0x00007fff2b3cf000 	/System/Library/PrivateFrameworks/IconFoundation.framework/Versions/A/IconFoundation
0x00007fff2feed000 	/System/Library/PrivateFrameworks/SpeechRecognitionCore.framework/Versions/A/SpeechRecognitionCore
0x0000000110800000 	/Library/Java/JavaVirtualMachines/adoptopenjdk-11.jdk/Contents/Home/lib/server/libjvm.dylib
0x000000010c4bf000 	/Library/Java/JavaVirtualMachines/adoptopenjdk-11.jdk/Contents/Home/lib/libverify.dylib
0x000000010c539000 	/Library/Java/JavaVirtualMachines/adoptopenjdk-11.jdk/Contents/Home/lib/libjava.dylib
0x000000010c5a0000 	/Library/Java/JavaVirtualMachines/adoptopenjdk-11.jdk/Contents/Home/lib/libjimage.dylib
0x000000010c5ba000 	/Library/Java/JavaVirtualMachines/adoptopenjdk-11.jdk/Contents/Home/lib/libjdwp.dylib
0x000000010c699000 	/Library/Java/JavaVirtualMachines/adoptopenjdk-11.jdk/Contents/Home/lib/libzip.dylib
0x000000012fbb2000 	/Library/Java/JavaVirtualMachines/adoptopenjdk-11.jdk/Contents/Home/lib/libdt_socket.dylib
0x000000012fbe7000 	/Library/Java/JavaVirtualMachines/adoptopenjdk-11.jdk/Contents/Home/lib/libnio.dylib
0x000000012fc13000 	/Library/Java/JavaVirtualMachines/adoptopenjdk-11.jdk/Contents/Home/lib/libnet.dylib
0x000000013004c000 	/Library/Java/JavaVirtualMachines/adoptopenjdk-11.jdk/Contents/Home/lib/libextnet.dylib
0x000000013130f000 	/Library/Java/JavaVirtualMachines/adoptopenjdk-11.jdk/Contents/Home/lib/libmanagement.dylib
0x0000000131325000 	/Library/Java/JavaVirtualMachines/adoptopenjdk-11.jdk/Contents/Home/lib/libmanagement_ext.dylib


VM Arguments:
jvm_args: -Dorg.gradle.internal.worker.tmpdir=/Users/bae/Documents/url-shortener/build/tmp/test/work -Dorg.gradle.native=false -agentlib:jdwp=transport=dt_socket,server=n,suspend=y,address=127.0.0.1:58924 --add-opens=java.base/java.util=ALL-UNNAMED --add-opens=java.base/java.lang=ALL-UNNAMED -Xmx512m -Dfile.encoding=UTF-8 -Duser.country=KR -Duser.language=en -Duser.variant -ea 
java_command: worker.org.gradle.process.internal.worker.GradleWorkerMain 'Gradle Test Executor 9'
java_class_path (initial): /Users/bae/.gradle/caches/7.4.1/workerMain/gradle-worker.jar:/Users/bae/Documents/url-shortener/build/classes/java/test:/Users/bae/Documents/url-shortener/build/classes/java/main:/Users/bae/Documents/url-shortener/build/resources/main:/Users/bae/.gradle/caches/modules-2/files-2.1/org.springframework.boot/spring-boot-starter-thymeleaf/2.6.4/eb6a670880be2a1522c441274dab9092dd448c0c/spring-boot-starter-thymeleaf-2.6.4.jar:/Users/bae/.gradle/caches/modules-2/files-2.1/org.springframework.boot/spring-boot-starter-web/2.6.4/4aa74a41a8ff99e256433805b0ee63a6053d6b6c/spring-boot-starter-web-2.6.4.jar:/Users/bae/.gradle/caches/modules-2/files-2.1/junit/junit/4.13.1/cdd00374f1fee76b11e2a9d127405aa3f6be5b6a/junit-4.13.1.jar:/Users/bae/.gradle/caches/modules-2/files-2.1/org.springframework.boot/spring-boot-starter-test/2.6.4/4befb5f23c4bac74125d1c9e4f3721586b315d3a/spring-boot-starter-test-2.6.4.jar:/Users/bae/.gradle/caches/modules-2/files-2.1/org.springframework.boot/spring-boot-starter-json/2.6.4/9aa13f5bd6e09510d89ec3874118f027613a9565/spring-boot-starter-json-2.6.4.jar:/Users/bae/.gradle/caches/modules-2/files-2.1/org.springframework.boot/spring-boot-starter/2.6.4/31adf5f726b6a5703815b99056110b96db7eff58/spring-boot-starter-2.6.4.jar:/Users/bae/.gradle/caches/modules-2/files-2.1/org.thymeleaf/thymeleaf-spring5/3.0.15.RELEASE/7170e1bcd1588d38c139f7048ebcc262676441c3/thymeleaf-spring5-3.0.15.RELEASE.jar:/Users/bae/.gradle/caches/modules-2/files-2.1/org.thymeleaf.extras/thymeleaf-extras-java8time/3.0.4.RELEASE/36e7175ddce36c486fff4578b5af7bb32f54f5df/thymeleaf-extras-java8time-3.0.4.RELEASE.jar:/Users/bae/.gradle/caches/modules-2/files-2.1/org.springframework.boot/spring-boot-starter-tomcat/2.6.4/7f5937c60c8f556402e4970c4bb657f92b653f2b/spring-boot-starter-tomcat-2.6.4.jar:/Users/bae/.gradle/caches/modules-2/files-2.1/org.springframework/spring-webmvc/5.3.16/18e0d7a9cf1c43b100296f86f61b58821dd1e6b9/spring-webmvc-5.3.16.jar:/Users/bae/.gradle/caches
Launcher Type: SUN_STANDARD

[Global flags]
     intx CICompilerCount                          = 4                                         {product} {ergonomic}
     uint ConcGCThreads                            = 2                                         {product} {ergonomic}
     uint G1ConcRefinementThreads                  = 8                                         {product} {ergonomic}
   size_t G1HeapRegionSize                         = 1048576                                   {product} {ergonomic}
    uintx GCDrainStackTargetSize                   = 64                                        {product} {ergonomic}
   size_t InitialHeapSize                          = 134217728                                 {product} {ergonomic}
   size_t MarkStackSize                            = 4194304                                   {product} {ergonomic}
   size_t MaxHeapSize                              = 536870912                                 {product} {command line}
   size_t MaxNewSize                               = 321912832                                 {product} {ergonomic}
   size_t MinHeapDeltaBytes                        = 1048576                                   {product} {ergonomic}
    uintx NonNMethodCodeHeapSize                   = 5836300                                {pd product} {ergonomic}
    uintx NonProfiledCodeHeapSize                  = 122910970                              {pd product} {ergonomic}
    uintx ProfiledCodeHeapSize                     = 122910970                              {pd product} {ergonomic}
    uintx ReservedCodeCacheSize                    = 251658240                              {pd product} {ergonomic}
     bool SegmentedCodeCache                       = true                                      {product} {ergonomic}
     bool UseCompressedClassPointers               = true                                 {lp64_product} {ergonomic}
     bool UseCompressedOops                        = true                                 {lp64_product} {ergonomic}
     bool UseG1GC                                  = true                                      {product} {ergonomic}

Logging:
Log output configuration:
 #0: stdout all=warning uptime,level,tags
 #1: stderr all=off uptime,level,tags

Environment Variables:
PATH=/usr/local/bin:/usr/bin:/bin:/usr/sbin:/sbin
SHELL=/bin/zsh
LC_CTYPE=en_US.UTF-8

Signal Handlers:
SIGSEGV: [libjvm.dylib+0x7bc7ea], sa_mask[0]=11111111111111111111111111111111, sa_flags=SA_ONSTACK|SA_RESTART|SA_SIGINFO
SIGBUS: [libjvm.dylib+0x7bc7ea], sa_mask[0]=11111111111111111111111111111111, sa_flags=SA_RESTART|SA_SIGINFO
SIGFPE: [libjvm.dylib+0x7bc7ea], sa_mask[0]=11111111111111111111111111111111, sa_flags=SA_RESTART|SA_SIGINFO
SIGPIPE: [libjvm.dylib+0x62226b], sa_mask[0]=11111111111111111111111111111111, sa_flags=SA_RESTART|SA_SIGINFO
SIGXFSZ: [libjvm.dylib+0x62226b], sa_mask[0]=11111111111111111111111111111111, sa_flags=SA_RESTART|SA_SIGINFO
SIGILL: [libjvm.dylib+0x7bc7ea], sa_mask[0]=11111111111111111111111111111111, sa_flags=SA_RESTART|SA_SIGINFO
SIGUSR2: [libjvm.dylib+0x622853], sa_mask[0]=00100000000000000000000000000000, sa_flags=SA_RESTART|SA_SIGINFO
SIGHUP: [libjvm.dylib+0x6213f1], sa_mask[0]=11111111111111111111111111111111, sa_flags=SA_RESTART|SA_SIGINFO
SIGINT: [libjvm.dylib+0x6213f1], sa_mask[0]=11111111111111111111111111111111, sa_flags=SA_RESTART|SA_SIGINFO
SIGTERM: [libjvm.dylib+0x6213f1], sa_mask[0]=11111111111111111111111111111111, sa_flags=SA_RESTART|SA_SIGINFO
SIGQUIT: [libjvm.dylib+0x6213f1], sa_mask[0]=11111111111111111111111111111111, sa_flags=SA_RESTART|SA_SIGINFO


---------------  S Y S T E M  ---------------

OS:uname:Darwin 20.2.0 Darwin Kernel Version 20.2.0: Wed Dec  2 20:40:21 PST 2020; root:xnu-7195.60.75~1/RELEASE_ARM64_T8101 x86_64
OS uptime: 1 days 16:31 hours
rlimit (soft/hard): STACK 8176k/65520k , CORE 0k/infinity , NPROC 1333/2000 , NOFILE 10240/infinity , AS infinity/infinity , CPU infinity/infinity , DATA infinity/infinity , FSIZE infinity/infinity , MEMLOCK infinity/infinity , RSS infinity/infinity
load average:1.90 2.13 2.25

CPU:total 8 (initial active 8) (1 cores per cpu, 1 threads per core) family 6 model 44 stepping 0 microcode 0x0, cmov, cx8, fxsr, mmx, sse, sse2, sse3, ssse3, sse4.1, sse4.2, popcnt, aes, clmul, tsc, tscinvbit, tscinv

Memory: 4k page, physical 8388608k(18620k free), swap 7340032k(1142784k free)

vm_info: OpenJDK 64-Bit Server VM (11.0.11+9) for bsd-amd64 JRE (11.0.11+9), built on Apr 20 2021 22:06:18 by "jenkins" with gcc 4.2.1 Compatible Apple LLVM 10.0.1 (clang-1001.0.46.4)

END.
